2020-07-11 05:37:32,393 - INFO - 127.0.0.1 - - [11/Jul/2020 05:37:32] "[37mGET / HTTP/1.1[0m" 200 - - line 113
2020-07-11 05:37:32,563 - INFO - 127.0.0.1 - - [11/Jul/2020 05:37:32] "[37mGET /static/css/bulma.css HTTP/1.1[0m" 200 - - line 113
2020-07-11 05:37:32,663 - INFO - 127.0.0.1 - - [11/Jul/2020 05:37:32] "[37mGET /static/css/Notifications.css HTTP/1.1[0m" 200 - - line 113
2020-07-11 05:37:32,666 - INFO - 127.0.0.1 - - [11/Jul/2020 05:37:32] "[32mGET /static//js/jquery-3.5.1.js HTTP/1.1[0m" 308 - - line 113
2020-07-11 05:37:32,704 - INFO - 127.0.0.1 - - [11/Jul/2020 05:37:32] "[37mGET /static/js/all.js HTTP/1.1[0m" 200 - - line 113
2020-07-11 05:37:32,717 - INFO - 127.0.0.1 - - [11/Jul/2020 05:37:32] "[37mGET /static/img/esaip_logo.png HTTP/1.1[0m" 200 - - line 113
2020-07-11 05:37:33,113 - INFO - 127.0.0.1 - - [11/Jul/2020 05:37:33] "[37mGET /static/js/jquery-3.5.1.js HTTP/1.1[0m" 200 - - line 113
2020-07-11 05:37:33,393 - INFO - 127.0.0.1 - - [11/Jul/2020 05:37:33] "[37mGET /static/img/esaip_logo.png HTTP/1.1[0m" 200 - - line 113
2020-07-11 05:37:42,864 - INFO - Table classe-ir4-os-centos created - line 476
2020-07-11 05:37:42,897 - INFO - Table classe-ir4-os-centos created and datas inserted - line 495
2020-07-11 05:37:43,484 - INFO - {'data': {'username': 'projet1@pve', 'CSRFPreventionToken': '5F0933A4:6s6frqwDWUEytEq+7TijNC7Q0Vk', 'clustername': 'Cluster', 'ticket': 'PVE:projet1@pve:5F0933A4::LdmLuT5mvAnVmoCCMyPvdfLJ1bBFOyb4zWL1FX2e0yDVWPuY7oWwyKKH5EPja2wKN16V2kIvzZAmGDpgevbANxtzF3UGkEEPZdDVElno6m/C4OyD4nlmQq4+cYRQh7PUhZea7Jo0nqRnnZFRZC/o2Yi4bJqjMQ0bxFamR8BZetCfL4PN2Cib9AGBOvXrkeAFCU98N24dNEldiRUuPLl/2RHRaEnpWAhHpeyjWdT2d2CxF6cLXRQ9ilDXBO/RKm7chDpz1ZyNCoNxnVQPbsII9RiFMVtvLARndqjefCJ1ENmJKRVs58h16zhcNaQKd1rA6CRkG88ydBP2fDdauMi4hw==', 'cap': {'nodes': {'Sys.Console': 1, 'Sys.Audit': 1, 'Sys.Modify': 1, 'Permissions.Modify': 1, 'Sys.PowerMgmt': 1, 'Sys.Syslog': 1}, 'vms': {'VM.Config.CDROM': 1, 'VM.Allocate': 1, 'VM.Config.HWType': 1, 'VM.Snapshot': 1, 'VM.Config.CPU': 1, 'Permissions.Modify': 1, 'VM.Config.Memory': 1, 'VM.Snapshot.Rollback': 1, 'VM.Monitor': 1, 'VM.PowerMgmt': 1, 'VM.Config.Options': 1, 'VM.Console': 1, 'VM.Backup': 1, 'VM.Migrate': 1, 'VM.Clone': 1, 'VM.Audit': 1, 'VM.Config.Network': 1, 'VM.Config.Disk': 1}, 'access': {'Permissions.Modify': 1, 'User.Modify': 1, 'Group.Allocate': 1}, 'storage': {'Datastore.AllocateSpace': 1, 'Permissions.Modify': 1, 'Datastore.AllocateTemplate': 1, 'Datastore.Allocate': 1, 'Datastore.Audit': 1}, 'dc': {'Sys.Audit': 1}}}} - line 99
2020-07-11 05:37:44,099 - INFO - Starting the VM clone classe-ir4-os-centos for rbilleaud.ing2020@esaip.org VM: 41001 - line 137
2020-07-11 05:37:44,601 - INFO - Starting the VM clone classe-ir4-os-centos for sdanchaud.ing2020@esaip.org VM: 41002 - line 137
2020-07-11 05:37:45,103 - INFO - Starting the VM clone classe-ir4-os-centos for sdelajoux.ing2020@esaip.org VM: 41003 - line 137
2020-07-11 05:37:45,606 - INFO - Starting the VM clone classe-ir4-os-centos for shachim.ing2020@esaip.org VM: 41004 - line 137
2020-07-11 05:37:45,726 - WARNING - CentOS-shachim.ing2020 already exsits - line 155
2020-07-11 05:37:46,109 - INFO - Starting the VM clone classe-ir4-os-centos for mrichomme.ing2020@esaip.org VM: 41005 - line 137
2020-07-11 05:37:46,226 - WARNING - CentOS-mrichomme.ing2020 already exsits - line 155
2020-07-11 05:38:30,359 - INFO -  * Detected change in '/home/peterpan/Projects/proxmox-ve-web/Proxmox-VE-Web-Interface/main.py', reloading - line 113
2020-07-11 05:38:30,429 - INFO -  * Restarting with stat - line 113
2020-07-11 05:38:30,859 - WARNING -  * Debugger is active! - line 113
2020-07-11 05:38:30,860 - INFO -  * Debugger PIN: 489-388-295 - line 113
2020-07-11 05:38:45,030 - INFO -  * Detected change in '/home/peterpan/Projects/proxmox-ve-web/Proxmox-VE-Web-Interface/main.py', reloading - line 113
2020-07-11 05:38:45,131 - INFO -  * Restarting with stat - line 113
2020-07-11 05:38:45,579 - WARNING -  * Debugger is active! - line 113
2020-07-11 05:38:45,580 - INFO -  * Debugger PIN: 489-388-295 - line 113
2020-07-11 05:42:15,924 - INFO - 127.0.0.1 - - [11/Jul/2020 05:42:15] "[37mGET / HTTP/1.1[0m" 200 - - line 113
2020-07-11 05:42:16,424 - INFO - 127.0.0.1 - - [11/Jul/2020 05:42:16] "[37mGET /static/img/esaip_logo.png HTTP/1.1[0m" 200 - - line 113
2020-07-11 05:42:18,323 - INFO - {'data': {'cap': {'vms': {'VM.Config.Options': 1, 'VM.Console': 1, 'VM.PowerMgmt': 1, 'VM.Monitor': 1, 'VM.Config.CPU': 1, 'Permissions.Modify': 1, 'VM.Snapshot.Rollback': 1, 'VM.Config.Memory': 1, 'VM.Config.HWType': 1, 'VM.Snapshot': 1, 'VM.Config.CDROM': 1, 'VM.Allocate': 1, 'VM.Config.Disk': 1, 'VM.Config.Network': 1, 'VM.Audit': 1, 'VM.Migrate': 1, 'VM.Clone': 1, 'VM.Backup': 1}, 'access': {'Permissions.Modify': 1, 'User.Modify': 1, 'Group.Allocate': 1}, 'nodes': {'Sys.PowerMgmt': 1, 'Permissions.Modify': 1, 'Sys.Syslog': 1, 'Sys.Modify': 1, 'Sys.Console': 1, 'Sys.Audit': 1}, 'dc': {'Sys.Audit': 1}, 'storage': {'Datastore.Audit': 1, 'Datastore.Allocate': 1, 'Datastore.AllocateTemplate': 1, 'Permissions.Modify': 1, 'Datastore.AllocateSpace': 1}}, 'clustername': 'Cluster', 'ticket': 'PVE:projet1@pve:5F0934B7::aa02aQIf/W+cVDJReoq6n/rbqcjXAqwsJbVziAZQ1qu5AoHiSN9mp0Bg7TchGogYOWABm+U2kKo2fLxFpRwWJBsodgJ2nDlXxP6X0mUl5awgdnDF6uygZUeh66Nz6MtjEszyQGZzJPrsjMw4wjroedW4P71kM6OMM3vvYe08JO42n3vFGgOytIbPL+eicmya3BrFNzx8B2kGs1AeVe1hzLu6ZNRlVqQdhMQOO5Hcc4xCcfwpDHis/R6GDZzS+JNbpiu+6aiKs9wYEpfoNtaMzqXaivaCOvgYbblmtW9oXpKktFVweL8M3Gi0K23jFZp75WERtxWn2RMdxTdWeJ5++A==', 'CSRFPreventionToken': '5F0934B7:saNVd7kNsmSImcGcBNjoZQ7L440', 'username': 'projet1@pve'}} - line 99
2020-07-11 05:42:18,325 - INFO - Starting VM removal 41001 of rbilleaud.ing2020@esaip.org - line 270
2020-07-11 05:42:18,827 - INFO - Starting VM removal 41002 of sdanchaud.ing2020@esaip.org - line 270
2020-07-11 05:42:19,329 - INFO - Starting VM removal 41003 of sdelajoux.ing2020@esaip.org - line 270
2020-07-11 05:42:19,832 - INFO - Starting VM removal 41004 of shachim.ing2020@esaip.org - line 270
2020-07-11 05:42:20,334 - INFO - Starting VM removal 41005 of mrichomme.ing2020@esaip.org - line 270
2020-07-11 05:42:31,689 - INFO - VM 41003 stopped - line 309
2020-07-11 05:42:31,726 - INFO - VM 41005 stopped - line 309
2020-07-11 05:42:31,854 - INFO - VM 41001 stopped - line 309
2020-07-11 05:42:31,971 - INFO - VM: 41003, User: sdelajoux.ing2020@esaip.org deleted - line 324
2020-07-11 05:42:31,992 - INFO - VM: 41005, User: mrichomme.ing2020@esaip.org deleted - line 324
2020-07-11 05:42:32,113 - INFO - VM: 41001, User: rbilleaud.ing2020@esaip.org deleted - line 324
2020-07-11 05:42:32,229 - INFO - VM 41004 stopped - line 309
2020-07-11 05:42:32,353 - INFO - VM 41002 stopped - line 309
2020-07-11 05:42:32,628 - INFO - VM: 41002, User: sdanchaud.ing2020@esaip.org deleted - line 324
2020-07-11 05:42:52,649 - ERROR - VM: 41004, User: shachim.ing2020@esaip.org not deleted - line 332
2020-07-11 05:42:52,650 - INFO - Threads delete finished - line 369
2020-07-11 05:42:52,665 - INFO - Table classe-ir4-os-centos dropped - line 517
2020-07-11 05:42:52,667 - INFO - 127.0.0.1 - - [11/Jul/2020 05:42:52] "[37mPUT /delete HTTP/1.1[0m" 201 - - line 113
2020-07-11 05:45:17,985 - INFO -  * Detected change in '/home/peterpan/Projects/proxmox-ve-web/Proxmox-VE-Web-Interface/main.py', reloading - line 113
2020-07-11 05:45:18,077 - INFO -  * Restarting with stat - line 113
2020-07-11 05:45:18,473 - WARNING -  * Debugger is active! - line 113
2020-07-11 05:45:18,474 - INFO -  * Debugger PIN: 489-388-295 - line 113
2020-07-11 13:53:48,421 - INFO -  * Running on http://127.0.0.1:8080/ (Press CTRL+C to quit) - line 113
2020-07-11 13:53:48,423 - INFO -  * Restarting with stat - line 113
2020-07-11 13:53:48,833 - WARNING -  * Debugger is active! - line 113
2020-07-11 13:53:48,836 - INFO -  * Debugger PIN: 655-359-048 - line 113
2020-07-11 13:53:51,776 - INFO - 127.0.0.1 - - [11/Jul/2020 13:53:51] "[31m[1mGET / HTTP/1.1[0m" 401 - - line 113
2020-07-11 13:53:53,261 - INFO - 127.0.0.1 - - [11/Jul/2020 13:53:53] "[37mGET / HTTP/1.1[0m" 200 - - line 113
2020-07-11 13:53:53,813 - INFO - 127.0.0.1 - - [11/Jul/2020 13:53:53] "[37mGET /static/img/esaip_logo.png HTTP/1.1[0m" 200 - - line 113
2020-07-11 13:58:02,120 - INFO -  * Detected change in '/home/peterpan/Projects/proxmox-ve-web/Proxmox-VE-Web-Interface/main.py', reloading - line 113
2020-07-11 13:58:02,161 - INFO -  * Restarting with stat - line 113
2020-07-11 14:07:17,430 - INFO - [11/Jul/2020:14:07:17] ENGINE Bus STARTING - line 213
2020-07-11 14:07:26,424 - INFO - [11/Jul/2020:14:07:26] ENGINE Serving on https://:::8080 - line 213
2020-07-11 14:07:26,425 - INFO - [11/Jul/2020:14:07:26] ENGINE Bus STARTED - line 213
2020-07-11 14:10:43,605 - INFO - [11/Jul/2020:14:10:43] ENGINE Bus STOPPING - line 213
2020-07-11 14:10:43,708 - INFO - [11/Jul/2020:14:10:43] ENGINE HTTP Server cherrypy._cpwsgi_server.CPWSGIServer(('::', 8080)) shut down - line 213
2020-07-11 14:10:43,709 - INFO - [11/Jul/2020:14:10:43] ENGINE Bus STOPPED - line 213
2020-07-11 14:10:43,709 - INFO - [11/Jul/2020:14:10:43] ENGINE Bus EXITING - line 213
2020-07-11 14:10:43,710 - INFO - [11/Jul/2020:14:10:43] ENGINE Bus EXITED - line 213
2020-07-11 14:11:13,883 - INFO - [11/Jul/2020:14:11:13] ENGINE Bus STARTING - line 213
2020-07-11 14:11:13,996 - INFO - [11/Jul/2020:14:11:13] ENGINE Serving on https://0.0.0.0:8080 - line 213
2020-07-11 14:11:13,997 - INFO - [11/Jul/2020:14:11:13] ENGINE Bus STARTED - line 213
2020-07-11 14:22:05,856 - INFO - [11/Jul/2020:14:22:05] ENGINE Bus STOPPING - line 213
2020-07-11 14:22:05,860 - INFO - [11/Jul/2020:14:22:05] ENGINE HTTP Server cherrypy._cpwsgi_server.CPWSGIServer(('0.0.0.0', 8080)) shut down - line 213
2020-07-11 14:22:05,860 - INFO - [11/Jul/2020:14:22:05] ENGINE Bus STOPPED - line 213
2020-07-11 14:22:05,860 - INFO - [11/Jul/2020:14:22:05] ENGINE Bus EXITING - line 213
2020-07-11 14:22:05,860 - INFO - [11/Jul/2020:14:22:05] ENGINE Bus EXITED - line 213
2020-07-11 14:22:30,055 - INFO - [11/Jul/2020:14:22:30] ENGINE Bus STARTING - line 213
2020-07-11 14:22:30,168 - INFO - [11/Jul/2020:14:22:30] ENGINE Serving on https://0.0.0.0:8080 - line 213
2020-07-11 14:22:30,168 - INFO - [11/Jul/2020:14:22:30] ENGINE Bus STARTED - line 213
2020-07-11 14:26:48,632 - INFO - [11/Jul/2020:14:26:48] ENGINE Bus STOPPING - line 213
2020-07-11 14:26:48,636 - INFO - [11/Jul/2020:14:26:48] ENGINE HTTP Server cherrypy._cpwsgi_server.CPWSGIServer(('0.0.0.0', 8080)) shut down - line 213
2020-07-11 14:26:48,637 - INFO - [11/Jul/2020:14:26:48] ENGINE Bus STOPPED - line 213
2020-07-11 14:26:48,637 - INFO - [11/Jul/2020:14:26:48] ENGINE Bus EXITING - line 213
2020-07-11 14:26:48,637 - INFO - [11/Jul/2020:14:26:48] ENGINE Bus EXITED - line 213
2020-07-11 14:27:12,873 - INFO - [11/Jul/2020:14:27:12] ENGINE Bus STARTING - line 213
2020-07-11 14:27:12,984 - INFO - [11/Jul/2020:14:27:12] ENGINE Serving on https://0.0.0.0:8080 - line 213
2020-07-11 14:27:12,985 - INFO - [11/Jul/2020:14:27:12] ENGINE Bus STARTED - line 213
2020-07-11 14:27:39,049 - INFO - [11/Jul/2020:14:27:39] ENGINE Bus STOPPING - line 213
2020-07-11 14:27:39,052 - INFO - [11/Jul/2020:14:27:39] ENGINE HTTP Server cherrypy._cpwsgi_server.CPWSGIServer(('0.0.0.0', 8080)) shut down - line 213
2020-07-11 14:27:39,052 - INFO - [11/Jul/2020:14:27:39] ENGINE Bus STOPPED - line 213
2020-07-11 14:27:39,052 - INFO - [11/Jul/2020:14:27:39] ENGINE Bus EXITING - line 213
2020-07-11 14:27:39,053 - INFO - [11/Jul/2020:14:27:39] ENGINE Bus EXITED - line 213
2020-07-11 14:37:56,769 - INFO - [11/Jul/2020:14:37:56] ENGINE Bus STARTING - line 213
2020-07-11 14:37:56,881 - INFO - [11/Jul/2020:14:37:56] ENGINE Serving on https://0.0.0.0:8080 - line 213
2020-07-11 14:37:56,882 - INFO - [11/Jul/2020:14:37:56] ENGINE Bus STARTED - line 213
2020-07-11 15:02:56,120 - INFO - Table classe-ir4-os-centos created - line 503
2020-07-11 15:02:56,142 - INFO - Table classe-ir4-os-centos created and datas inserted - line 522
2020-07-11 15:02:56,945 - INFO - {'data': {'username': 'projet1@pve', 'ticket': 'PVE:projet1@pve:5F09B820::lc+sRAtsGSH1fmt5MmhwnlrFXEGn4ec+hOLeGF+rEOHYk0I2Ba7jq1nQZ13P5PRLLcK1iwQ7r8A4EZnJNeQOHQXSJIIV17MB6Lk9LDI/qDOOvgRiFjnMEOIffAkt1wahQNB/EJ2LZm9dMWpA+4eDw1Io4gKFjob/dmBmya10QRfj7IqV8X7EPL3kRM7jVX5NMJFcLo2DWmWPnNS8z6H2C3SPzAFadoobQQh84KibKlLMMsUVSRiPkPcF72Kyn6objlZm+3yr7yDf2zd76YMM1Bgk5VdrgOQwHGSVKQbeA+Ti7l7euQzixpDWcJlCSrCUQBuYNhxwesft0Ts9ceg21Q==', 'clustername': 'Cluster', 'cap': {'dc': {'Sys.Audit': 1}, 'storage': {'Permissions.Modify': 1, 'Datastore.AllocateSpace': 1, 'Datastore.Audit': 1, 'Datastore.Allocate': 1, 'Datastore.AllocateTemplate': 1}, 'access': {'User.Modify': 1, 'Permissions.Modify': 1, 'Group.Allocate': 1}, 'vms': {'VM.Snapshot': 1, 'VM.Config.HWType': 1, 'VM.Config.Memory': 1, 'VM.Snapshot.Rollback': 1, 'Permissions.Modify': 1, 'VM.Config.CPU': 1, 'VM.Allocate': 1, 'VM.Config.CDROM': 1, 'VM.PowerMgmt': 1, 'VM.Console': 1, 'VM.Config.Options': 1, 'VM.Monitor': 1, 'VM.Clone': 1, 'VM.Migrate': 1, 'VM.Audit': 1, 'VM.Config.Network': 1, 'VM.Backup': 1, 'VM.Config.Disk': 1}, 'nodes': {'Sys.Syslog': 1, 'Permissions.Modify': 1, 'Sys.PowerMgmt': 1, 'Sys.Console': 1, 'Sys.Audit': 1, 'Sys.Modify': 1}}, 'CSRFPreventionToken': '5F09B820:3AKIhhEL1TNavoapAh0NiQFuJrg'}} - line 120
2020-07-11 15:02:57,673 - INFO - Starting the VM clone classe-ir4-os-centos for rbilleaud.ing2020@esaip.org VM: 41001 - line 160
2020-07-11 15:02:58,175 - INFO - Starting the VM clone classe-ir4-os-centos for sdanchaud.ing2020@esaip.org VM: 41002 - line 160
2020-07-11 15:02:58,677 - INFO - Starting the VM clone classe-ir4-os-centos for sdelajoux.ing2020@esaip.org VM: 41003 - line 160
2020-07-11 15:02:59,178 - INFO - Starting the VM clone classe-ir4-os-centos for shachim.ing2020@esaip.org VM: 41004 - line 160
2020-07-11 15:02:59,329 - WARNING - 41004 (CentOS-shachim.ing2020) already exsits - line 178
2020-07-11 15:02:59,680 - INFO - Starting the VM clone classe-ir4-os-centos for mrichomme.ing2020@esaip.org VM: 41005 - line 160
2020-07-11 15:03:00,039 - WARNING - 41005 (CentOS-mrichomme.ing2020) already exsits - line 178
2020-07-11 15:06:21,385 - INFO - VM: 41002 OS: 100, User: sdanchaud.ing2020@esaip.org cloned - line 201
2020-07-11 15:06:21,520 - INFO - VM: 41002 OS: 100, User: sdanchaud.ing2020@esaip.org right set - line 221
2020-07-11 15:06:25,619 - INFO - VM: 41001 OS: 100, User: rbilleaud.ing2020@esaip.org cloned - line 201
2020-07-11 15:06:25,779 - INFO - VM: 41001 OS: 100, User: rbilleaud.ing2020@esaip.org right set - line 221
2020-07-11 15:06:37,002 - INFO - VM: 41003 OS: 100, User: sdelajoux.ing2020@esaip.org cloned - line 201
2020-07-11 15:06:37,519 - INFO - VM: 41003 OS: 100, User: sdelajoux.ing2020@esaip.org right set - line 221
2020-07-11 15:12:59,394 - INFO - [11/Jul/2020:15:12:59] ENGINE Bus STOPPING - line 213
2020-07-11 15:12:59,559 - INFO - [11/Jul/2020:15:12:59] ENGINE HTTP Server cherrypy._cpwsgi_server.CPWSGIServer(('0.0.0.0', 8080)) shut down - line 213
2020-07-11 15:12:59,559 - INFO - [11/Jul/2020:15:12:59] ENGINE Bus STOPPED - line 213
2020-07-11 15:12:59,560 - INFO - [11/Jul/2020:15:12:59] ENGINE Bus EXITING - line 213
2020-07-11 15:12:59,560 - INFO - [11/Jul/2020:15:12:59] ENGINE Bus EXITED - line 213
2020-07-11 15:13:02,750 - INFO - [11/Jul/2020:15:13:02] ENGINE Bus STARTING - line 213
2020-07-11 15:13:02,867 - INFO - [11/Jul/2020:15:13:02] ENGINE Serving on https://0.0.0.0:8080 - line 213
2020-07-11 15:13:02,867 - INFO - [11/Jul/2020:15:13:02] ENGINE Bus STARTED - line 213
2020-07-11 15:20:01,588 - INFO - [11/Jul/2020:15:20:01] ENGINE Bus STOPPING - line 213
2020-07-11 15:20:01,691 - INFO - [11/Jul/2020:15:20:01] ENGINE HTTP Server cherrypy._cpwsgi_server.CPWSGIServer(('0.0.0.0', 8080)) shut down - line 213
2020-07-11 15:20:01,692 - INFO - [11/Jul/2020:15:20:01] ENGINE Bus STOPPED - line 213
2020-07-11 15:20:01,692 - INFO - [11/Jul/2020:15:20:01] ENGINE Bus EXITING - line 213
2020-07-11 15:20:01,693 - INFO - [11/Jul/2020:15:20:01] ENGINE Bus EXITED - line 213
2020-07-11 15:20:09,498 - INFO - [11/Jul/2020:15:20:09] ENGINE Bus STARTING - line 213
2020-07-11 15:20:09,611 - INFO - [11/Jul/2020:15:20:09] ENGINE Serving on https://0.0.0.0:8080 - line 213
2020-07-11 15:20:09,612 - INFO - [11/Jul/2020:15:20:09] ENGINE Bus STARTED - line 213
2020-07-11 15:20:15,528 - INFO - {'data': {'CSRFPreventionToken': '5F09BC2E:IauMBtfeeuiMWK7tgTEv6BWMJQg', 'clustername': 'Cluster', 'ticket': 'PVE:projet1@pve:5F09BC2E::CAzNVT573Kp2IqXRjWMESFLw91iC/TU1zI7MoXp0CpN5S/iED7VMOTmVD+kpNKD6aPBwjDgWYLnvI3vU2b+TYQL7/spk1w53/s1nlq4IR2hFYa65z47n4G+7DIHlU7TMtoU3Fe4J5zkZ04/jxych+5MlKMZHn1NbbZKxjeW16GlNFVxkpKQBfPYXBiz2STc/c9LOAY8CTQwJMXdSHmrzqz+D6+A8o59bafaWVBuYb2cwWNpvj6mfk05JSJjeIKzL+9jXELpmFyBht7QT5ldQtmzgx6wFOnwZ8riaYSJlMY+jMxAcT9GWFQAYMsfq6DcU+Qj0rcMSiKIl+4xvOU8vkw==', 'cap': {'storage': {'Datastore.AllocateSpace': 1, 'Permissions.Modify': 1, 'Datastore.AllocateTemplate': 1, 'Datastore.Allocate': 1, 'Datastore.Audit': 1}, 'dc': {'Sys.Audit': 1}, 'nodes': {'Sys.Console': 1, 'Sys.Audit': 1, 'Sys.Modify': 1, 'Sys.Syslog': 1, 'Permissions.Modify': 1, 'Sys.PowerMgmt': 1}, 'access': {'User.Modify': 1, 'Permissions.Modify': 1, 'Group.Allocate': 1}, 'vms': {'VM.Config.CDROM': 1, 'VM.Allocate': 1, 'VM.Config.HWType': 1, 'VM.Snapshot': 1, 'VM.Config.CPU': 1, 'Permissions.Modify': 1, 'VM.Snapshot.Rollback': 1, 'VM.Config.Memory': 1, 'VM.Monitor': 1, 'VM.PowerMgmt': 1, 'VM.Config.Options': 1, 'VM.Console': 1, 'VM.Backup': 1, 'VM.Clone': 1, 'VM.Migrate': 1, 'VM.Config.Network': 1, 'VM.Audit': 1, 'VM.Config.Disk': 1}}, 'username': 'projet1@pve'}} - line 124
2020-07-11 15:20:15,529 - INFO - Starting VM removal 41001 of rbilleaud.ing2020@esaip.org - line 300
2020-07-11 15:20:16,030 - INFO - Starting VM removal 41002 of sdanchaud.ing2020@esaip.org - line 300
2020-07-11 15:20:16,532 - INFO - Starting VM removal 41003 of sdelajoux.ing2020@esaip.org - line 300
2020-07-11 15:20:17,034 - INFO - Starting VM removal 41004 of shachim.ing2020@esaip.org - line 300
2020-07-11 15:20:17,535 - INFO - Starting VM removal 41005 of mrichomme.ing2020@esaip.org - line 300
2020-07-11 15:20:23,952 - INFO - VM 41003 stopped - line 339
2020-07-11 15:20:24,232 - INFO - VM: 41003, User: sdelajoux.ing2020@esaip.org deleted - line 354
2020-07-11 15:20:26,362 - INFO - VM 41001 stopped - line 339
2020-07-11 15:20:26,541 - INFO - VM: 41001, User: rbilleaud.ing2020@esaip.org deleted - line 354
2020-07-11 15:20:28,155 - INFO - VM 41004 stopped - line 339
2020-07-11 15:20:29,156 - INFO - VM 41005 stopped - line 339
2020-07-11 15:20:29,498 - INFO - VM: 41005, User: mrichomme.ing2020@esaip.org deleted - line 354
2020-07-11 15:20:32,740 - INFO - VM 41002 stopped - line 339
2020-07-11 15:20:33,084 - INFO - VM: 41002, User: sdanchaud.ing2020@esaip.org deleted - line 354
2020-07-11 15:20:33,686 - INFO - VM: 41004, User: shachim.ing2020@esaip.org deleted - line 354
2020-07-11 15:20:33,687 - INFO - Threads delete finished - line 400
2020-07-11 15:20:33,691 - INFO - Table classe-ir4-os-centos dropped - line 549
2020-07-11 15:22:11,373 - INFO - Table classe-ir5-os-centos created - line 508
2020-07-11 15:22:11,414 - INFO - Table classe-ir5-os-centos created and datas inserted - line 527
2020-07-11 15:22:12,027 - INFO - {'data': {'username': 'projet1@pve', 'clustername': 'Cluster', 'ticket': 'PVE:projet1@pve:5F09BCA3::KK/LHPx+hXNWYOpqI1pvjPD9fORFXTfZWLebj3aA11whWtbkR6hontsXxwTovuRR5qhacg4R2QM1o3Fbc2tfnaBkfyOsi4IzoRFH4XsyHpc15B4bR1f2NZuo0wHe9VNNSpJ84Eu69qzm6xg991GN+urq8pE6QqXRIJjw9EUKeJxmr1kkGbCvr7kWRYt0Qpd84LWLAeajODlSWHPmsFiPuKbQkLSGsv9Qti6i+SijUG0LMLuCvXxBbgFQcv98obgqsv8kcJpt/cv++IFT4W8LsxJ8gnmVcmayl8ccAYHzkP4OzfnwMt1EgkP0NqyLYH/GjA5+ycRMW5Ck6r+Dx2oTCg==', 'cap': {'storage': {'Permissions.Modify': 1, 'Datastore.AllocateSpace': 1, 'Datastore.Audit': 1, 'Datastore.Allocate': 1, 'Datastore.AllocateTemplate': 1}, 'dc': {'Sys.Audit': 1}, 'nodes': {'Sys.Modify': 1, 'Sys.Audit': 1, 'Sys.Console': 1, 'Sys.Syslog': 1, 'Sys.PowerMgmt': 1, 'Permissions.Modify': 1}, 'vms': {'VM.Monitor': 1, 'VM.Console': 1, 'VM.Config.Options': 1, 'VM.PowerMgmt': 1, 'VM.Config.CDROM': 1, 'VM.Allocate': 1, 'Permissions.Modify': 1, 'VM.Config.CPU': 1, 'VM.Config.Memory': 1, 'VM.Snapshot.Rollback': 1, 'VM.Config.HWType': 1, 'VM.Snapshot': 1, 'VM.Config.Disk': 1, 'VM.Backup': 1, 'VM.Config.Network': 1, 'VM.Audit': 1, 'VM.Migrate': 1, 'VM.Clone': 1}, 'access': {'Permissions.Modify': 1, 'User.Modify': 1, 'Group.Allocate': 1}}, 'CSRFPreventionToken': '5F09BCA3:una3zn0XX20Pb0MC4iQbudqz7yY'}} - line 124
2020-07-11 15:22:12,608 - INFO - Starting the VM clone classe-ir5-os-centos for rbilleaud.ing2020@esaip.org VM: 51001 - line 164
2020-07-11 15:22:13,110 - INFO - Starting the VM clone classe-ir5-os-centos for sdanchaud.ing2020@esaip.org VM: 51002 - line 164
2020-07-11 15:22:13,612 - INFO - Starting the VM clone classe-ir5-os-centos for sdelajoux.ing2020@esaip.org VM: 51003 - line 164
2020-07-11 15:22:14,114 - INFO - Starting the VM clone classe-ir5-os-centos for shachim.ing2020@esaip.org VM: 51004 - line 164
2020-07-11 15:22:14,616 - INFO - Starting the VM clone classe-ir5-os-centos for mrichomme.ing2020@esaip.org VM: 51005 - line 164
2020-07-11 15:34:34,279 - INFO - VM: 51002 OS: 100, User: sdanchaud.ing2020@esaip.org cloned - line 205
2020-07-11 15:34:34,410 - INFO - VM: 51002 OS: 100, User: sdanchaud.ing2020@esaip.org right set - line 225
2020-07-11 15:34:38,791 - INFO - VM: 51001 OS: 100, User: rbilleaud.ing2020@esaip.org cloned - line 205
2020-07-11 15:34:38,992 - INFO - VM: 51001 OS: 100, User: rbilleaud.ing2020@esaip.org right set - line 225
2020-07-11 15:34:39,968 - INFO - VM: 51004 OS: 100, User: shachim.ing2020@esaip.org cloned - line 205
2020-07-11 15:34:40,144 - INFO - VM: 51004 OS: 100, User: shachim.ing2020@esaip.org right set - line 225
2020-07-11 15:34:41,147 - INFO - VM: 51005 OS: 100, User: mrichomme.ing2020@esaip.org cloned - line 205
2020-07-11 15:34:41,303 - INFO - VM: 51005 OS: 100, User: mrichomme.ing2020@esaip.org right set - line 225
2020-07-11 15:34:53,638 - INFO - VM: 51003 OS: 100, User: sdelajoux.ing2020@esaip.org cloned - line 205
2020-07-11 15:34:54,110 - INFO - VM: 51003 OS: 100, User: sdelajoux.ing2020@esaip.org right set - line 225
2020-07-11 15:34:54,115 - INFO - Threads clone finished - line 295
2020-07-11 15:39:02,930 - INFO - {'data': {'username': 'projet1@pve', 'CSRFPreventionToken': '5F09C096:v6ZtYOZ2j2TgU2nOJqJNeB8WcGA', 'clustername': 'Cluster', 'cap': {'storage': {'Datastore.Allocate': 1, 'Datastore.AllocateTemplate': 1, 'Datastore.Audit': 1, 'Datastore.AllocateSpace': 1, 'Permissions.Modify': 1}, 'dc': {'Sys.Audit': 1}, 'nodes': {'Sys.Syslog': 1, 'Permissions.Modify': 1, 'Sys.PowerMgmt': 1, 'Sys.Console': 1, 'Sys.Audit': 1, 'Sys.Modify': 1}, 'access': {'Permissions.Modify': 1, 'User.Modify': 1, 'Group.Allocate': 1}, 'vms': {'VM.Allocate': 1, 'VM.Config.CDROM': 1, 'VM.Snapshot': 1, 'VM.Config.HWType': 1, 'VM.Snapshot.Rollback': 1, 'VM.Config.Memory': 1, 'VM.Config.CPU': 1, 'Permissions.Modify': 1, 'VM.Monitor': 1, 'VM.PowerMgmt': 1, 'VM.Config.Options': 1, 'VM.Console': 1, 'VM.Backup': 1, 'VM.Clone': 1, 'VM.Migrate': 1, 'VM.Config.Network': 1, 'VM.Audit': 1, 'VM.Config.Disk': 1}}, 'ticket': 'PVE:projet1@pve:5F09C096::FKQRiYmE2D3S4qEjCWhqPGUUzfDlfxw9C1tKGMZion59jCMtJkTqoV472bAOH0FKm1NgVHn2z6tKb0HjG9FHCj+yfwCJpKhkKACphDfqd+dSA70PO23TrCrYyw59fplxy7MUBSOIP2r7A0IIgd7V58z9iPJCSUGfeDSQ3sXNBia3n5W6MKI966lTLCkL6ia7ZLFRGsLbOp1yS6uRG38We8Bp3n3cJeiXJmiheWlHGfTGQp1rZpEiAsFZjhcpoWkMQXIXvWKEO2TVYyTwJQq+4fr5bSwRVWFkObyT9UIekeiOiQV9EgDXSG+fKo6gpoemaFf205yO0iE598EehoAbKA=='}} - line 124
2020-07-11 15:39:02,932 - INFO - Starting VM removal 51001 of rbilleaud.ing2020@esaip.org - line 300
2020-07-11 15:39:03,433 - INFO - Starting VM removal 51002 of sdanchaud.ing2020@esaip.org - line 300
2020-07-11 15:39:03,935 - INFO - Starting VM removal 51003 of sdelajoux.ing2020@esaip.org - line 300
2020-07-11 15:39:04,438 - INFO - Starting VM removal 51004 of shachim.ing2020@esaip.org - line 300
2020-07-11 15:39:04,940 - INFO - Starting VM removal 51005 of mrichomme.ing2020@esaip.org - line 300
2020-07-11 15:39:11,893 - INFO - VM 51004 stopped - line 339
2020-07-11 15:39:12,042 - INFO - VM 51002 stopped - line 339
2020-07-11 15:39:12,272 - INFO - VM: 51004, User: shachim.ing2020@esaip.org deleted - line 354
2020-07-11 15:39:12,454 - INFO - VM: 51002, User: sdanchaud.ing2020@esaip.org deleted - line 354
2020-07-11 15:39:12,882 - INFO - VM 51001 stopped - line 339
2020-07-11 15:39:13,018 - INFO - VM: 51001, User: rbilleaud.ing2020@esaip.org deleted - line 354
2020-07-11 15:39:13,480 - INFO - VM 51003 stopped - line 339
2020-07-11 15:39:13,611 - INFO - VM: 51003, User: sdelajoux.ing2020@esaip.org deleted - line 354
2020-07-11 15:39:16,595 - INFO - VM 51005 stopped - line 339
2020-07-11 15:39:16,770 - INFO - VM: 51005, User: mrichomme.ing2020@esaip.org deleted - line 354
2020-07-11 15:39:16,770 - INFO - Threads delete finished - line 400
2020-07-11 15:39:16,775 - INFO - Table classe-ir5-os-centos dropped - line 549
2020-07-11 15:44:57,900 - INFO - Table classe-ir4-os-centos created - line 508
2020-07-11 15:44:57,931 - INFO - Table classe-ir4-os-centos created and datas inserted - line 527
2020-07-11 15:44:58,506 - INFO - {'data': {'username': 'projet1@pve', 'CSRFPreventionToken': '5F09C1F9:Ww6DTlOJghqny2301RkkEiAUBiM', 'clustername': 'Cluster', 'ticket': 'PVE:projet1@pve:5F09C1F9::RAFXK20fdY8nAE2vwHiVdNLWgNSVKbBxg3NmpT9MzTMF6AWeVNzBiw2cGHsP+RDDOuSsXjHoL5YsJVzYgEQ/ORrlNce8PaGgoORKhVgaXug8ThbkwfHmzMnB93Qlz/IueGh99UMn9qhlK5wj3LWbnP9QPP9nC/FHzfmjIFuUGzz0YmV0eZ5iZ9muUC018v13AjNW5r9UbT/pk/l79lz88yyQb4Kf1kcU9WqhMtWJR5H55F/j6DqXTlkvH/732Um16RjWIJEsxs0sW64ohBLmYxkPdDrJR+xD/q14FijWdAk8Pbd+yr6rGdg82dUSIeeCM/HkFsO/6c8tn+VqfpCZLA==', 'cap': {'vms': {'VM.PowerMgmt': 1, 'VM.Config.Options': 1, 'VM.Console': 1, 'VM.Monitor': 1, 'VM.Snapshot': 1, 'VM.Config.HWType': 1, 'VM.Config.Memory': 1, 'VM.Snapshot.Rollback': 1, 'VM.Config.CPU': 1, 'Permissions.Modify': 1, 'VM.Allocate': 1, 'VM.Config.CDROM': 1, 'VM.Config.Disk': 1, 'VM.Migrate': 1, 'VM.Clone': 1, 'VM.Config.Network': 1, 'VM.Audit': 1, 'VM.Backup': 1}, 'access': {'Group.Allocate': 1, 'Permissions.Modify': 1, 'User.Modify': 1}, 'nodes': {'Sys.Audit': 1, 'Sys.Console': 1, 'Sys.Modify': 1, 'Permissions.Modify': 1, 'Sys.PowerMgmt': 1, 'Sys.Syslog': 1}, 'dc': {'Sys.Audit': 1}, 'storage': {'Permissions.Modify': 1, 'Datastore.AllocateSpace': 1, 'Datastore.Audit': 1, 'Datastore.AllocateTemplate': 1, 'Datastore.Allocate': 1}}}} - line 124
2020-07-11 15:44:59,097 - INFO - Starting the VM clone classe-ir4-os-centos for rbilleaud.ing2020@esaip.org VM: 41001 - line 164
2020-07-11 15:44:59,598 - INFO - Starting the VM clone classe-ir4-os-centos for sdanchaud.ing2020@esaip.org VM: 41002 - line 164
2020-07-11 15:45:00,103 - INFO - Starting the VM clone classe-ir4-os-centos for sdelajoux.ing2020@esaip.org VM: 41003 - line 164
2020-07-11 15:45:00,605 - INFO - Starting the VM clone classe-ir4-os-centos for shachim.ing2020@esaip.org VM: 41004 - line 164
2020-07-11 15:45:00,712 - WARNING - 41004 (CentOS-shachim.ing2020) already exsits - line 182
2020-07-11 15:45:01,106 - INFO - Starting the VM clone classe-ir4-os-centos for mrichomme.ing2020@esaip.org VM: 41005 - line 164
2020-07-11 15:45:01,234 - WARNING - 41005 (CentOS-mrichomme.ing2020) already exsits - line 182
2020-07-11 15:48:23,280 - INFO - VM: 41002 OS: 100, User: sdanchaud.ing2020@esaip.org cloned - line 205
2020-07-11 15:48:23,441 - INFO - VM: 41002 OS: 100, User: sdanchaud.ing2020@esaip.org right set - line 225
2020-07-11 15:48:29,009 - INFO - VM: 41003 OS: 100, User: sdelajoux.ing2020@esaip.org cloned - line 205
2020-07-11 15:48:29,157 - INFO - VM: 41003 OS: 100, User: sdelajoux.ing2020@esaip.org right set - line 225
2020-07-11 15:48:31,807 - INFO - VM: 41001 OS: 100, User: rbilleaud.ing2020@esaip.org cloned - line 205
2020-07-11 15:48:31,936 - INFO - VM: 41001 OS: 100, User: rbilleaud.ing2020@esaip.org right set - line 225
2020-07-11 16:02:11,896 - INFO - [11/Jul/2020:16:02:11] ENGINE Bus STOPPING - line 213
2020-07-11 16:02:12,030 - INFO - [11/Jul/2020:16:02:12] ENGINE HTTP Server cherrypy._cpwsgi_server.CPWSGIServer(('0.0.0.0', 8080)) shut down - line 213
2020-07-11 16:02:12,031 - INFO - [11/Jul/2020:16:02:12] ENGINE Bus STOPPED - line 213
2020-07-11 16:02:12,031 - INFO - [11/Jul/2020:16:02:12] ENGINE Bus EXITING - line 213
2020-07-11 16:02:12,032 - INFO - [11/Jul/2020:16:02:12] ENGINE Bus EXITED - line 213
2020-07-11 16:03:42,321 - INFO - [11/Jul/2020:16:03:42] ENGINE Bus STARTING - line 213
2020-07-11 16:03:42,433 - INFO - [11/Jul/2020:16:03:42] ENGINE Serving on https://0.0.0.0:8080 - line 213
2020-07-11 16:03:42,434 - INFO - [11/Jul/2020:16:03:42] ENGINE Bus STARTED - line 213
2020-07-11 16:04:04,911 - INFO - {'data': {'CSRFPreventionToken': '5F09C674:KfbyS30t63VJfgAzjGzogDEGf98', 'ticket': 'PVE:projet1@pve:5F09C674::GePfv3/+9+wqAXhWKEloG6O7o9kBSGNvTM261ZkW+VMWIWkbMuhGYArh7DOnLOX8UKF81pa19I9RvM9HJN7K+gayyMddFvyyxLkM1CsSjZcN1uglEhtnXA4B4xXe1uCdYuvPMCrQEkCBDAT2d6PsztDdbz2qzWgDD2EJ4eTUqxJYPd7INII6ckTShTv1Tebvy7gQ4ZXfF783Ty2Tu/sw9+uPXpU5gqkEzTNktezlff7HRRk6X1ERfO872CGorxqsae8u3lSreq/U5FyOoJeWwFwZsL860uVoAEwC7d2HnHhcF95X/H3vo3Qy30Kysa8VFmYa3zJBN7+awa2l3D7RFw==', 'clustername': 'Cluster', 'cap': {'nodes': {'Sys.PowerMgmt': 1, 'Permissions.Modify': 1, 'Sys.Syslog': 1, 'Sys.Modify': 1, 'Sys.Audit': 1, 'Sys.Console': 1}, 'access': {'User.Modify': 1, 'Permissions.Modify': 1, 'Group.Allocate': 1}, 'vms': {'VM.Config.Disk': 1, 'VM.Backup': 1, 'VM.Migrate': 1, 'VM.Clone': 1, 'VM.Audit': 1, 'VM.Config.Network': 1, 'VM.Monitor': 1, 'VM.PowerMgmt': 1, 'VM.Console': 1, 'VM.Config.Options': 1, 'VM.Config.CDROM': 1, 'VM.Allocate': 1, 'VM.Config.HWType': 1, 'VM.Snapshot': 1, 'Permissions.Modify': 1, 'VM.Config.CPU': 1, 'VM.Snapshot.Rollback': 1, 'VM.Config.Memory': 1}, 'storage': {'Datastore.AllocateSpace': 1, 'Permissions.Modify': 1, 'Datastore.AllocateTemplate': 1, 'Datastore.Allocate': 1, 'Datastore.Audit': 1}, 'dc': {'Sys.Audit': 1}}, 'username': 'projet1@pve'}} - line 130
2020-07-11 16:04:04,912 - INFO - Starting VM removal 41001 of rbilleaud.ing2020@esaip.org - line 306
2020-07-11 16:04:05,413 - INFO - Starting VM removal 41002 of sdanchaud.ing2020@esaip.org - line 306
2020-07-11 16:04:05,915 - INFO - Starting VM removal 41003 of sdelajoux.ing2020@esaip.org - line 306
2020-07-11 16:04:06,417 - INFO - Starting VM removal 41004 of shachim.ing2020@esaip.org - line 306
2020-07-11 16:04:06,919 - INFO - Starting VM removal 41005 of mrichomme.ing2020@esaip.org - line 306
2020-07-11 16:04:13,652 - INFO - VM 41003 stopped - line 345
2020-07-11 16:04:13,942 - INFO - VM: 41003, User: sdelajoux.ing2020@esaip.org deleted - line 360
2020-07-11 16:04:17,402 - INFO - VM 41002 stopped - line 345
2020-07-11 16:04:17,684 - INFO - VM: 41002, User: sdanchaud.ing2020@esaip.org deleted - line 360
2020-07-11 16:04:18,029 - INFO - VM 41004 stopped - line 345
2020-07-11 16:04:18,177 - INFO - VM: 41004, User: shachim.ing2020@esaip.org deleted - line 360
2020-07-11 16:04:18,720 - INFO - VM 41001 stopped - line 345
2020-07-11 16:04:18,860 - INFO - VM: 41001, User: rbilleaud.ing2020@esaip.org deleted - line 360
2020-07-11 16:04:19,407 - INFO - VM 41005 stopped - line 345
2020-07-11 16:04:19,593 - INFO - VM: 41005, User: mrichomme.ing2020@esaip.org deleted - line 360
2020-07-11 16:04:19,594 - INFO - Threads delete finished - line 406
2020-07-11 16:04:19,599 - INFO - Table classe-ir4-os-centos dropped - line 558
